<?xml version="1.0" encoding="UTF-8"?>
<robot generator="Robot 3.2.2 (Python 3.9.0 on win32)" generated="20201104 21:33:48.214" rpa="false">
<suite id="s1" name="Selenium-Automation" source="C:\Users\PAOLA\Documents\Qa Testing y Robot Framework\ejercicios\Arrays y Loops\selenium-automation.robot">
<test id="s1-t1" name="C001 Hacer Clic en Contenedores">
<kw name="Open Homepage">
<kw name="Open Browser" library="SeleniumLibrary">
<doc>Opens a new browser instance to the optional ``url``.</doc>
<arguments>
<arg>${testUrl}</arg>
<arg>${browser}</arg>
</arguments>
<msg timestamp="20201104 21:33:48.639" level="INFO">Opening browser 'chrome' to base url 'http://automationpractice.com/index.php'.</msg>
<status status="PASS" starttime="20201104 21:33:48.639" endtime="20201104 21:33:57.192"></status>
</kw>
<status status="PASS" starttime="20201104 21:33:48.639" endtime="20201104 21:33:57.192"></status>
</kw>
<kw name="Set Global Variable" library="BuiltIn">
<doc>Makes a variable available globally in all tests and suites.</doc>
<arguments>
<arg>@{nombresDeContenedores}</arg>
<arg>//*[@id="homefeatured"]/li[1]/div/div[2]/h5/a</arg>
<arg>//*[@id="homefeatured"]/li[2]/div/div[2]/h5/a</arg>
<arg>//*[@id="homefeatured"]/li[3]/div/div[2]/h5/a</arg>
<arg>//*[@id="homefeatured"]/li[4]/div/div[2]/h5/a</arg>
<arg>//*[@id="homefeatured"]/li[5]/div/div[2]/h5/a</arg>
<arg>//*[@id="homefeatured"]/li[6]/div/div[2]/h5/a</arg>
<arg>//*[@id="homefeatured"]/li[7]/div/div[2]/h5/a</arg>
</arguments>
<msg timestamp="20201104 21:33:57.192" level="INFO">@{nombresDeContenedores} = [ //*[@id="homefeatured"]/li[1]/div/div[2]/h5/a | //*[@id="homefeatured"]/li[2]/div/div[2]/h5/a | //*[@id="homefeatured"]/li[3]/div/div[2]/h5/a | //*[@id="homefeatured"]/li[4]/div/div[2]/h5/a | //*[@i...</msg>
<status status="PASS" starttime="20201104 21:33:57.192" endtime="20201104 21:33:57.200"></status>
</kw>
<kw name="${nombreDeContenedor} IN [ @{nombresDeContenedores} ]" type="for">
<msg timestamp="20201104 21:33:57.200" level="WARN">Error in file 'C:\Users\PAOLA\Documents\Qa Testing y Robot Framework\ejercicios\Arrays y Loops\selenium-automation.robot' in FOR loop starting on line 19: For loop header ':FOR' is deprecated. Use 'FOR' instead.</msg>
<msg timestamp="20201104 21:33:57.200" level="WARN">Error in file 'C:\Users\PAOLA\Documents\Qa Testing y Robot Framework\ejercicios\Arrays y Loops\selenium-automation.robot' in FOR loop starting on line 19: Marking for loop body with '\' is deprecated. Remove markers and use 'END' instead.</msg>
<kw name="${nombreDeContenedor} = //*[@id=&quot;homefeatured&quot;]/li[1]/div/div[2]/h5/a" type="foritem">
<kw name="Click Element" library="SeleniumLibrary">
<doc>Click the element identified by ``locator``.</doc>
<arguments>
<arg>xpath=${nombreDeContenedor}</arg>
</arguments>
<msg timestamp="20201104 21:33:57.200" level="INFO">Clicking element 'xpath=//*[@id="homefeatured"]/li[1]/div/div[2]/h5/a'.</msg>
<status status="PASS" starttime="20201104 21:33:57.200" endtime="20201104 21:33:58.207"></status>
</kw>
<kw name="Wait Until Element Is Visible" library="SeleniumLibrary">
<doc>Waits until the element ``locator`` is visible.</doc>
<arguments>
<arg>xpath=//*[@id="bigpic"]</arg>
</arguments>
<status status="PASS" starttime="20201104 21:33:58.207" endtime="20201104 21:33:58.976"></status>
</kw>
<kw name="Click Element" library="SeleniumLibrary">
<doc>Click the element identified by ``locator``.</doc>
<arguments>
<arg>xpath=//*[@id="header_logo"]/a/img</arg>
</arguments>
<msg timestamp="20201104 21:33:58.976" level="INFO">Clicking element 'xpath=//*[@id="header_logo"]/a/img'.</msg>
<status status="PASS" starttime="20201104 21:33:58.976" endtime="20201104 21:34:00.919"></status>
</kw>
<status status="PASS" starttime="20201104 21:33:57.200" endtime="20201104 21:34:00.919"></status>
</kw>
<kw name="${nombreDeContenedor} = //*[@id=&quot;homefeatured&quot;]/li[2]/div/div[2]/h5/a" type="foritem">
<kw name="Click Element" library="SeleniumLibrary">
<doc>Click the element identified by ``locator``.</doc>
<arguments>
<arg>xpath=${nombreDeContenedor}</arg>
</arguments>
<msg timestamp="20201104 21:34:00.927" level="INFO">Clicking element 'xpath=//*[@id="homefeatured"]/li[2]/div/div[2]/h5/a'.</msg>
<kw name="Capture Page Screenshot" library="SeleniumLibrary">
<doc>Takes a screenshot of the current page and embeds it into a log file.</doc>
<msg timestamp="20201104 21:34:01.744" level="INFO" html="yes">&lt;/td&gt;&lt;/tr&gt;&lt;tr&gt;&lt;td colspan="3"&gt;&lt;a href="selenium-screenshot-1.png"&gt;&lt;img src="selenium-screenshot-1.png" width="800px"&gt;&lt;/a&gt;</msg>
<status status="PASS" starttime="20201104 21:34:01.039" endtime="20201104 21:34:01.744"></status>
</kw>
<msg timestamp="20201104 21:34:02.919" level="FAIL">ElementNotInteractableException: Message: element not interactable
  (Session info: chrome=86.0.4240.111)
</msg>
<status status="FAIL" starttime="20201104 21:34:00.927" endtime="20201104 21:34:02.919"></status>
</kw>
<status status="FAIL" starttime="20201104 21:34:00.927" endtime="20201104 21:34:02.919"></status>
</kw>
<status status="FAIL" starttime="20201104 21:33:57.200" endtime="20201104 21:34:02.919"></status>
</kw>
<status status="FAIL" starttime="20201104 21:33:48.639" endtime="20201104 21:34:02.920" critical="yes">ElementNotInteractableException: Message: element not interactable
  (Session info: chrome=86.0.4240.111)
</status>
</test>
<test id="s1-t2" name="C002 Caso de Prueba Nuevo">
<kw name="Open Homepage">
<kw name="Open Browser" library="SeleniumLibrary">
<doc>Opens a new browser instance to the optional ``url``.</doc>
<arguments>
<arg>${testUrl}</arg>
<arg>${browser}</arg>
</arguments>
<msg timestamp="20201104 21:34:02.920" level="INFO">Opening browser 'chrome' to base url 'http://automationpractice.com/index.php'.</msg>
<status status="PASS" starttime="20201104 21:34:02.920" endtime="20201104 21:34:13.624"></status>
</kw>
<status status="PASS" starttime="20201104 21:34:02.920" endtime="20201104 21:34:13.624"></status>
</kw>
<status status="PASS" starttime="20201104 21:34:02.920" endtime="20201104 21:34:13.624" critical="yes"></status>
</test>
<status status="FAIL" starttime="20201104 21:33:48.214" endtime="20201104 21:34:13.624"></status>
</suite>
<statistics>
<total>
<stat pass="1" fail="1">Critical Tests</stat>
<stat pass="1" fail="1">All Tests</stat>
</total>
<tag>
</tag>
<suite>
<stat pass="1" fail="1" id="s1" name="Selenium-Automation">Selenium-Automation</stat>
</suite>
</statistics>
<errors>
<msg timestamp="20201104 21:33:57.200" level="WARN">Error in file 'C:\Users\PAOLA\Documents\Qa Testing y Robot Framework\ejercicios\Arrays y Loops\selenium-automation.robot' in FOR loop starting on line 19: For loop header ':FOR' is deprecated. Use 'FOR' instead.</msg>
<msg timestamp="20201104 21:33:57.200" level="WARN">Error in file 'C:\Users\PAOLA\Documents\Qa Testing y Robot Framework\ejercicios\Arrays y Loops\selenium-automation.robot' in FOR loop starting on line 19: Marking for loop body with '\' is deprecated. Remove markers and use 'END' instead.</msg>
</errors>
</robot>
